<?xml version="1.0" encoding="UTF-8"?>
<!-- Generated by org.testng.reporters.JUnitReportReporter -->
<testsuite hostname="DESKTOP-OIOR21N" failures="0" tests="1" name="TestClasses.TC001_UseCaseTest1" time="14.909" errors="0" timestamp="2025-01-06T18:15:18 IST" skipped="0">
  <testcase classname="TestClasses.TC001_UseCaseTest1" name="useCase1" time="14.909"/>
</testsuite> <!-- TestClasses.TC001_UseCaseTest1 -->
