<?xml version="1.0" encoding="UTF-8"?>
<!-- Generated by org.testng.reporters.JUnitReportReporter -->
<testsuite hostname="DESKTOP-OIOR21N" failures="0" tests="1" name="TestClasses.TC001_UseCaseTest1" time="19.617" errors="0" timestamp="2025-01-08T12:31:48 IST" skipped="0">
  <testcase classname="TestClasses.TC001_UseCaseTest1" name="useCase1" time="19.617"/>
</testsuite> <!-- TestClasses.TC001_UseCaseTest1 -->
